<?xml version="1.0" encoding="UTF-8"?>
<!-- Generated by org.testng.reporters.JUnitReportReporter -->
<testsuite hostname="Tim-PC" name="ToolsQA.DemoMavenEclipseProject.TestAAA" tests="1" failures="0" timestamp="9 Sep 2016 04:51:29 GMT" time="6.955" errors="0">
  <testcase name="testEasy" time="6.955" classname="ToolsQA.DemoMavenEclipseProject.TestAAA"/>
</testsuite> <!-- ToolsQA.DemoMavenEclipseProject.TestAAA -->
