<?xml version="1.0" encoding="UTF-8"?>
<!-- Generated by org.testng.reporters.JUnitReportReporter -->
<testsuite hostname="Tim-PC" name="ToolsQA.DemoMavenEclipseProject.TestAAA" tests="1" failures="0" timestamp="2 Jul 2016 23:35:16 GMT" time="10.170" errors="0">
  <testcase name="testEasy" time="10.170" classname="ToolsQA.DemoMavenEclipseProject.TestAAA"/>
</testsuite> <!-- ToolsQA.DemoMavenEclipseProject.TestAAA -->
