<?xml version="1.0" encoding="UTF-8"?>
<!-- Generated by org.testng.reporters.JUnitReportReporter -->
<testsuite hostname="Tim-PC" name="ToolsQA.DemoMavenEclipseProject.TestAAATwo" tests="1" failures="0" timestamp="2 Jul 2016 23:35:16 GMT" time="1.661" errors="0">
  <testcase name="testEasy2" time="1.661" classname="ToolsQA.DemoMavenEclipseProject.TestAAATwo"/>
</testsuite> <!-- ToolsQA.DemoMavenEclipseProject.TestAAATwo -->
